<?xml version="1.0" encoding="UTF-8"?>
<testng-results skipped="0" failed="0" total="1" passed="1">
  <reporter-output>
  </reporter-output>
  <suite name="Suite" duration-ms="37585" started-at="2018-12-07T10:28:16Z" finished-at="2018-12-07T10:28:53Z">
    <groups>
    </groups>
    <test name="Test" duration-ms="37585" started-at="2018-12-07T10:28:16Z" finished-at="2018-12-07T10:28:53Z">
      <class name="com.linkedIN.Linkedin.LoginPage">
        <test-method status="PASS" signature="beforeSuite()[pri:0, instance:com.linkedIN.Linkedin.LoginPage@39aeed2f]" name="beforeSuite" is-config="true" duration-ms="10" started-at="2018-12-07T15:58:16Z" finished-at="2018-12-07T15:58:16Z">
          <reporter-output>
          </reporter-output>
        </test-method> <!-- beforeSuite -->
        <test-method status="PASS" signature="beforeClass()[pri:0, instance:com.linkedIN.Linkedin.LoginPage@39aeed2f]" name="beforeClass" is-config="true" duration-ms="35077" started-at="2018-12-07T15:58:16Z" finished-at="2018-12-07T15:58:51Z">
          <reporter-output>
          </reporter-output>
        </test-method> <!-- beforeClass -->
        <test-method status="PASS" signature="f()[pri:0, instance:com.linkedIN.Linkedin.LoginPage@39aeed2f]" name="f" duration-ms="151" started-at="2018-12-07T15:58:51Z" finished-at="2018-12-07T15:58:51Z">
          <reporter-output>
          </reporter-output>
        </test-method> <!-- f -->
        <test-method status="PASS" signature="afterClass()[pri:0, instance:com.linkedIN.Linkedin.LoginPage@39aeed2f]" name="afterClass" is-config="true" duration-ms="2322" started-at="2018-12-07T15:58:51Z" finished-at="2018-12-07T15:58:53Z">
          <reporter-output>
          </reporter-output>
        </test-method> <!-- afterClass -->
        <test-method status="PASS" signature="afterSuite()[pri:0, instance:com.linkedIN.Linkedin.LoginPage@39aeed2f]" name="afterSuite" is-config="true" duration-ms="0" started-at="2018-12-07T15:58:55Z" finished-at="2018-12-07T15:58:55Z">
          <reporter-output>
          </reporter-output>
        </test-method> <!-- afterSuite -->
      </class> <!-- com.linkedIN.Linkedin.LoginPage -->
    </test> <!-- Test -->
  </suite> <!-- Suite -->
</testng-results>
