<?xml version="1.0" encoding="UTF-8"?>
<!-- Generated by org.testng.reporters.JUnitXMLReporter -->
<testsuite hostname="DESKTOP-K8GN66L" name="Test" tests="10" failures="1" timestamp="30 Dec 2018 13:41:07 GMT" time="147.635" errors="0">
  <testcase name="AtSignupInvalidPhonee" time="6.248" classname="com.linkedIN.Linkedin.AtSignupInvalidPhone">
    <failure type="java.lang.AssertionError" message="Erro for data input expected [Please enter a valid phone number and select your country code.] but found [Please enter a valid first name]">
      <![CDATA[java.lang.AssertionError: Erro for data input expected [Please enter a valid phone number and select your country code.] but found [Please enter a valid first name]
	at com.linkedIN.PageActions.SingupPageActions.ErrorMessage(SingupPageActions.java:31)
	at com.linkedIN.Linkedin.AtSignupInvalidPhone.AtSignupInvalidPhonee(AtSignupInvalidPhone.java:27)
... Removed 28 stack frames]]>
    </failure>
  </testcase> <!-- AtSignupInvalidPhonee -->
  <testcase name="AtSignupInvalidFirstNamee" time="5.807" classname="com.linkedIN.Linkedin.AtSignupInvalidFirstName"/>
  <testcase name="AtInvalidBlanck" time="5.273" classname="com.linkedIN.Linkedin.AtInvalidBlank"/>
  <testcase name="AtSignupInavlidMaill" time="5.804" classname="com.linkedIN.Linkedin.AtSignupInavlidMail"/>
  <testcase name="ValidLogin1" time="6.499" classname="com.linkedIN.Linkedin.ValidLogin"/>
  <testcase name="AtSignupInvalidPasswordd" time="5.782" classname="com.linkedIN.Linkedin.AtSignupInvalidPassword"/>
  <testcase name="AtSigupInvalidLastNamee" time="5.789" classname="com.linkedIN.Linkedin.AtSigupInvalidLastName"/>
  <testcase name="AtLoginValidBackk" time="6.591" classname="com.linkedIN.Linkedin.AtLoginValidBack"/>
  <testcase name="AtLoginInvallid" time="6.896" classname="com.linkedIN.Linkedin.AtLoginInvalid"/>
  <testcase name="AtLoginInavlidBlankPasssword" time="5.37" classname="com.linkedIN.Linkedin.AtLoginInavlidBlankPassword"/>
</testsuite> <!-- Test -->
