<?xml version="1.0" encoding="UTF-8"?>
<!-- Generated by org.testng.reporters.JUnitXMLReporter -->
<testsuite hostname="DESKTOP-K8GN66L" name="Test" tests="10" failures="2" timestamp="1 Jan 2019 10:48:24 GMT" time="139.44" errors="0">
  <testcase name="AtSignupInvalidFirstNamee" time="6.256" classname="com.linkedIN.Linkedin.AtSignupInvalidFirstName"/>
  <testcase name="AtSignupInvalidPhonee" time="5.822" classname="com.linkedIN.Linkedin.AtSignupInvalidPhone">
    <failure type="java.lang.AssertionError" message="Erro for data input expected [Please enter a valid phone number and select your country code.] but found [Please enter a valid first name]">
      <![CDATA[java.lang.AssertionError: Erro for data input expected [Please enter a valid phone number and select your country code.] but found [Please enter a valid first name]
	at com.pageactions.SingupPageActions.ErrorMessage(SingupPageActions.java:31)
	at com.linkedIN.Linkedin.AtSignupInvalidPhone.AtSignupInvalidPhonee(AtSignupInvalidPhone.java:25)
... Removed 28 stack frames]]>
    </failure>
  </testcase> <!-- AtSignupInvalidPhonee -->
  <testcase name="AtInvalidBlanck" time="5.469" classname="com.linkedIN.Linkedin.AtInvalidBlank"/>
  <testcase name="AtSignupInavlidMaill" time="5.876" classname="com.linkedIN.Linkedin.AtSignupInavlidMail">
    <failure type="java.lang.AssertionError" message="Erro for data input expected [Please enter a valid email address] but found [Please enter a valid email address or mobile number]">
      <![CDATA[java.lang.AssertionError: Erro for data input expected [Please enter a valid email address] but found [Please enter a valid email address or mobile number]
	at com.pageactions.SingupPageActions.ErrorMessage(SingupPageActions.java:31)
	at com.linkedIN.Linkedin.AtSignupInavlidMail.AtSignupInavlidMaill(AtSignupInavlidMail.java:31)
... Removed 28 stack frames]]>
    </failure>
  </testcase> <!-- AtSignupInavlidMaill -->
  <testcase name="ValidLogin1" time="6.877" classname="com.linkedIN.Linkedin.ValidLogin"/>
  <testcase name="AtSignupInvalidPasswordd" time="5.798" classname="com.linkedIN.Linkedin.AtSignupInvalidPassword"/>
  <testcase name="AtSigupInvalidLastNamee" time="5.79" classname="com.linkedIN.Linkedin.AtSigupInvalidLastName"/>
  <testcase name="AtLoginValidBackk" time="6.37" classname="com.linkedIN.Linkedin.AtLoginValidBack"/>
  <testcase name="AtLoginInvallid" time="6.607" classname="com.linkedIN.Linkedin.AtLoginInvalid"/>
  <testcase name="AtLoginInavlidBlankPasssword" time="5.544" classname="com.linkedIN.Linkedin.AtLoginInavlidBlankPassword"/>
</testsuite> <!-- Test -->
